2013-06-11 10:40:16 5948 [Note] Plugin 'FEDERATED' is disabled.
2013-06-11 10:40:16 5948 [Note] InnoDB: The InnoDB memory heap is disabled
2013-06-11 10:40:16 5948 [Note] InnoDB: Mutexes and rw_locks use Windows interlocked functions
2013-06-11 10:40:16 5948 [Note] InnoDB: Compressed tables use zlib 1.2.3
2013-06-11 10:40:16 5948 [Note] InnoDB: Not using CPU crc32 instructions
2013-06-11 10:40:16 5948 [Note] InnoDB: Initializing buffer pool, size = 128.0M
2013-06-11 10:40:16 5948 [Note] InnoDB: Completed initialization of buffer pool
2013-06-11 10:40:16 5948 [Note] InnoDB: Highest supported file format is Barracuda.
2013-06-11 10:40:16 5948 [Note] InnoDB: 128 rollback segment(s) are active.
2013-06-11 10:40:16 5948 [Note] InnoDB: Waiting for purge to start
2013-06-11 10:40:16 5948 [Note] InnoDB: 5.6.12 started; log sequence number 1625977
2013-06-11 10:40:16 5948 [Warning] No existing UUID has been found, so we assume that this is the first time that this server has been started. Generating a new UUID: 3fd9ae2d-d240-11e2-9889-0021ccc2321c.
2013-06-11 10:40:16 5948 [Note] Server hostname (bind-address): '*'; port: 3306
2013-06-11 10:40:16 5948 [Note] IPv6 is available.
2013-06-11 10:40:16 5948 [Note]   - '::' resolves to '::';
2013-06-11 10:40:16 5948 [Note] Server socket created on IP: '::'.
2013-06-11 10:40:16 5948 [Note] Event Scheduler: Loaded 0 events
2013-06-11 10:40:16 5948 [Note] mysqld: ready for connections.
Version: '5.6.12'  socket: ''  port: 3306  MySQL Community Server (GPL)
2013-06-12 07:13:31 20592 [Note] Plugin 'FEDERATED' is disabled.
2013-06-12 07:13:31 20592 [Note] InnoDB: The InnoDB memory heap is disabled
2013-06-12 07:13:31 20592 [Note] InnoDB: Mutexes and rw_locks use Windows interlocked functions
2013-06-12 07:13:31 20592 [Note] InnoDB: Compressed tables use zlib 1.2.3
2013-06-12 07:13:31 20592 [Note] InnoDB: Not using CPU crc32 instructions
2013-06-12 07:13:31 20592 [Note] InnoDB: Initializing buffer pool, size = 128.0M
2013-06-12 07:13:31 20592 [Note] InnoDB: Completed initialization of buffer pool
2013-06-12 07:13:31 20592 [Note] InnoDB: Highest supported file format is Barracuda.
2013-06-12 07:13:31 20592 [Note] InnoDB: The log sequence numbers 1625977 and 1625977 in ibdata files do not match the log sequence number 1625987 in the ib_logfiles!
2013-06-12 07:13:31 20592 [Note] InnoDB: Database was not shutdown normally!
2013-06-12 07:13:31 20592 [Note] InnoDB: Starting crash recovery.
2013-06-12 07:13:31 20592 [Note] InnoDB: Reading tablespace information from the .ibd files...
2013-06-12 07:13:31 20592 [Note] InnoDB: Restoring possible half-written data pages 
2013-06-12 07:13:31 20592 [Note] InnoDB: from the doublewrite buffer...
2013-06-12 07:13:32 20592 [Note] InnoDB: 128 rollback segment(s) are active.
2013-06-12 07:13:32 20592 [Note] InnoDB: Waiting for purge to start
2013-06-12 07:13:32 20592 [Note] InnoDB: 5.6.12 started; log sequence number 1625987
2013-06-12 07:13:32 20592 [Note] Server hostname (bind-address): '*'; port: 3306
2013-06-12 07:13:32 20592 [Note] IPv6 is available.
2013-06-12 07:13:32 20592 [Note]   - '::' resolves to '::';
2013-06-12 07:13:32 20592 [Note] Server socket created on IP: '::'.
2013-06-12 07:13:33 20592 [Note] Event Scheduler: Loaded 0 events
2013-06-12 07:13:33 20592 [Note] C:\Program Files\mysql\bin\mysqld.exe: ready for connections.
Version: '5.6.12'  socket: ''  port: 3306  MySQL Community Server (GPL)
2013-06-12 07:29:24 8708 [Note] Plugin 'FEDERATED' is disabled.
2013-06-12 07:29:24 8708 [Note] InnoDB: The InnoDB memory heap is disabled
2013-06-12 07:29:24 8708 [Note] InnoDB: Mutexes and rw_locks use Windows interlocked functions
2013-06-12 07:29:24 8708 [Note] InnoDB: Compressed tables use zlib 1.2.3
2013-06-12 07:29:24 8708 [Note] InnoDB: Not using CPU crc32 instructions
2013-06-12 07:29:24 8708 [Note] InnoDB: Initializing buffer pool, size = 128.0M
2013-06-12 07:29:24 8708 [Note] InnoDB: Completed initialization of buffer pool
2013-06-12 07:29:24 8708 [Note] InnoDB: Highest supported file format is Barracuda.
2013-06-12 07:29:24 8708 [Note] InnoDB: The log sequence numbers 1625977 and 1625977 in ibdata files do not match the log sequence number 1625997 in the ib_logfiles!
2013-06-12 07:29:24 8708 [Note] InnoDB: Database was not shutdown normally!
2013-06-12 07:29:24 8708 [Note] InnoDB: Starting crash recovery.
2013-06-12 07:29:24 8708 [Note] InnoDB: Reading tablespace information from the .ibd files...
2013-06-12 07:29:24 8708 [Note] InnoDB: Restoring possible half-written data pages 
2013-06-12 07:29:24 8708 [Note] InnoDB: from the doublewrite buffer...
2013-06-12 07:29:24 8708 [Note] InnoDB: 128 rollback segment(s) are active.
2013-06-12 07:29:24 8708 [Note] InnoDB: Waiting for purge to start
2013-06-12 07:29:24 8708 [Note] InnoDB: 5.6.12 started; log sequence number 1625997
2013-06-12 07:29:24 8708 [ERROR] C:\Program Files\mysql\bin\mysqld.exe: unknown variable 'default-character-set=gbk'
2013-06-12 07:29:24 8708 [ERROR] Aborting

2013-06-12 07:29:24 8708 [Note] Binlog end
2013-06-12 07:29:24 8708 [Note] Shutting down plugin 'partition'
2013-06-12 07:29:24 8708 [Note] Shutting down plugin 'PERFORMANCE_SCHEMA'
2013-06-12 07:29:24 8708 [Note] Shutting down plugin 'INNODB_SYS_DATAFILES'
2013-06-12 07:29:24 8708 [Note] Shutting down plugin 'INNODB_SYS_TABLESPACES'
2013-06-12 07:29:24 8708 [Note] Shutting down plugin 'INNODB_SYS_FOREIGN_COLS'
2013-06-12 07:29:24 8708 [Note] Shutting down plugin 'INNODB_SYS_FOREIGN'
2013-06-12 07:29:24 8708 [Note] Shutting down plugin 'INNODB_SYS_FIELDS'
2013-06-12 07:29:24 8708 [Note] Shutting down plugin 'INNODB_SYS_COLUMNS'
2013-06-12 07:29:24 8708 [Note] Shutting down plugin 'INNODB_SYS_INDEXES'
2013-06-12 07:29:24 8708 [Note] Shutting down plugin 'INNODB_SYS_TABLESTATS'
2013-06-12 07:29:24 8708 [Note] Shutting down plugin 'INNODB_SYS_TABLES'
2013-06-12 07:29:24 8708 [Note] Shutting down plugin 'INNODB_FT_INDEX_TABLE'
2013-06-12 07:29:24 8708 [Note] Shutting down plugin 'INNODB_FT_INDEX_CACHE'
2013-06-12 07:29:24 8708 [Note] Shutting down plugin 'INNODB_FT_CONFIG'
2013-06-12 07:29:24 8708 [Note] Shutting down plugin 'INNODB_FT_BEING_DELETED'
2013-06-12 07:29:24 8708 [Note] Shutting down plugin 'INNODB_FT_DELETED'
2013-06-12 07:29:24 8708 [Note] Shutting down plugin 'INNODB_FT_DEFAULT_STOPWORD'
2013-06-12 07:29:24 8708 [Note] Shutting down plugin 'INNODB_METRICS'
2013-06-12 07:29:24 8708 [Note] Shutting down plugin 'INNODB_BUFFER_POOL_STATS'
2013-06-12 07:29:24 8708 [Note] Shutting down plugin 'INNODB_BUFFER_PAGE_LRU'
2013-06-12 07:29:24 8708 [Note] Shutting down plugin 'INNODB_BUFFER_PAGE'
2013-06-12 07:29:24 8708 [Note] Shutting down plugin 'INNODB_CMP_PER_INDEX_RESET'
2013-06-12 07:29:24 8708 [Note] Shutting down plugin 'INNODB_CMP_PER_INDEX'
2013-06-12 07:29:24 8708 [Note] Shutting down plugin 'INNODB_CMPMEM_RESET'
2013-06-12 07:29:24 8708 [Note] Shutting down plugin 'INNODB_CMPMEM'
2013-06-12 07:29:24 8708 [Note] Shutting down plugin 'INNODB_CMP_RESET'
2013-06-12 07:29:24 8708 [Note] Shutting down plugin 'INNODB_CMP'
2013-06-12 07:29:24 8708 [Note] Shutting down plugin 'INNODB_LOCK_WAITS'
2013-06-12 07:29:24 8708 [Note] Shutting down plugin 'INNODB_LOCKS'
2013-06-12 07:29:24 8708 [Note] Shutting down plugin 'INNODB_TRX'
2013-06-12 07:29:24 8708 [Note] Shutting down plugin 'InnoDB'
2013-06-12 07:29:24 8708 [Note] InnoDB: FTS optimize thread exiting.
2013-06-12 07:29:24 8708 [Note] InnoDB: Starting shutdown...
2013-06-12 07:29:26 8708 [Note] InnoDB: Shutdown completed; log sequence number 1626007
2013-06-12 07:29:26 8708 [Note] Shutting down plugin 'BLACKHOLE'
2013-06-12 07:29:26 8708 [Note] Shutting down plugin 'ARCHIVE'
2013-06-12 07:29:26 8708 [Note] Shutting down plugin 'MRG_MYISAM'
2013-06-12 07:29:26 8708 [Note] Shutting down plugin 'MyISAM'
2013-06-12 07:29:26 8708 [Note] Shutting down plugin 'MEMORY'
2013-06-12 07:29:26 8708 [Note] Shutting down plugin 'CSV'
2013-06-12 07:29:26 8708 [Note] Shutting down plugin 'sha256_password'
2013-06-12 07:29:26 8708 [Note] Shutting down plugin 'mysql_old_password'
2013-06-12 07:29:26 8708 [Note] Shutting down plugin 'mysql_native_password'
2013-06-12 07:29:26 8708 [Note] Shutting down plugin 'binlog'
2013-06-12 07:29:26 8708 [Note] 
2013-06-12 07:30:18 11128 [Note] Plugin 'FEDERATED' is disabled.
2013-06-12 07:30:18 11128 [Note] InnoDB: The InnoDB memory heap is disabled
2013-06-12 07:30:18 11128 [Note] InnoDB: Mutexes and rw_locks use Windows interlocked functions
2013-06-12 07:30:18 11128 [Note] InnoDB: Compressed tables use zlib 1.2.3
2013-06-12 07:30:18 11128 [Note] InnoDB: Not using CPU crc32 instructions
2013-06-12 07:30:18 11128 [Note] InnoDB: Initializing buffer pool, size = 128.0M
2013-06-12 07:30:18 11128 [Note] InnoDB: Completed initialization of buffer pool
2013-06-12 07:30:18 11128 [Note] InnoDB: Highest supported file format is Barracuda.
2013-06-12 07:30:18 11128 [Note] InnoDB: 128 rollback segment(s) are active.
2013-06-12 07:30:18 11128 [Note] InnoDB: Waiting for purge to start
2013-06-12 07:30:18 11128 [Note] InnoDB: 5.6.12 started; log sequence number 1626007
2013-06-12 07:30:18 11128 [ERROR] C:\Program Files\mysql\bin\mysqld.exe: unknown variable 'default-character-set=gbk'
2013-06-12 07:30:18 11128 [ERROR] Aborting

2013-06-12 07:30:18 11128 [Note] Binlog end
2013-06-12 07:30:18 11128 [Note] Shutting down plugin 'partition'
2013-06-12 07:30:18 11128 [Note] Shutting down plugin 'PERFORMANCE_SCHEMA'
2013-06-12 07:30:18 11128 [Note] Shutting down plugin 'INNODB_SYS_DATAFILES'
2013-06-12 07:30:18 11128 [Note] Shutting down plugin 'INNODB_SYS_TABLESPACES'
2013-06-12 07:30:18 11128 [Note] Shutting down plugin 'INNODB_SYS_FOREIGN_COLS'
2013-06-12 07:30:18 11128 [Note] Shutting down plugin 'INNODB_SYS_FOREIGN'
2013-06-12 07:30:18 11128 [Note] Shutting down plugin 'INNODB_SYS_FIELDS'
2013-06-12 07:30:18 11128 [Note] Shutting down plugin 'INNODB_SYS_COLUMNS'
2013-06-12 07:30:18 11128 [Note] Shutting down plugin 'INNODB_SYS_INDEXES'
2013-06-12 07:30:18 11128 [Note] Shutting down plugin 'INNODB_SYS_TABLESTATS'
2013-06-12 07:30:18 11128 [Note] Shutting down plugin 'INNODB_SYS_TABLES'
2013-06-12 07:30:18 11128 [Note] Shutting down plugin 'INNODB_FT_INDEX_TABLE'
2013-06-12 07:30:18 11128 [Note] Shutting down plugin 'INNODB_FT_INDEX_CACHE'
2013-06-12 07:30:18 11128 [Note] Shutting down plugin 'INNODB_FT_CONFIG'
2013-06-12 07:30:18 11128 [Note] Shutting down plugin 'INNODB_FT_BEING_DELETED'
2013-06-12 07:30:18 11128 [Note] Shutting down plugin 'INNODB_FT_DELETED'
2013-06-12 07:30:18 11128 [Note] Shutting down plugin 'INNODB_FT_DEFAULT_STOPWORD'
2013-06-12 07:30:18 11128 [Note] Shutting down plugin 'INNODB_METRICS'
2013-06-12 07:30:18 11128 [Note] Shutting down plugin 'INNODB_BUFFER_POOL_STATS'
2013-06-12 07:30:18 11128 [Note] Shutting down plugin 'INNODB_BUFFER_PAGE_LRU'
2013-06-12 07:30:18 11128 [Note] Shutting down plugin 'INNODB_BUFFER_PAGE'
2013-06-12 07:30:18 11128 [Note] Shutting down plugin 'INNODB_CMP_PER_INDEX_RESET'
2013-06-12 07:30:18 11128 [Note] Shutting down plugin 'INNODB_CMP_PER_INDEX'
2013-06-12 07:30:18 11128 [Note] Shutting down plugin 'INNODB_CMPMEM_RESET'
2013-06-12 07:30:18 11128 [Note] Shutting down plugin 'INNODB_CMPMEM'
2013-06-12 07:30:18 11128 [Note] Shutting down plugin 'INNODB_CMP_RESET'
2013-06-12 07:30:18 11128 [Note] Shutting down plugin 'INNODB_CMP'
2013-06-12 07:30:18 11128 [Note] Shutting down plugin 'INNODB_LOCK_WAITS'
2013-06-12 07:30:18 11128 [Note] Shutting down plugin 'INNODB_LOCKS'
2013-06-12 07:30:18 11128 [Note] Shutting down plugin 'INNODB_TRX'
2013-06-12 07:30:18 11128 [Note] Shutting down plugin 'InnoDB'
2013-06-12 07:30:18 11128 [Note] InnoDB: FTS optimize thread exiting.
2013-06-12 07:30:18 11128 [Note] InnoDB: Starting shutdown...
2013-06-12 07:30:20 11128 [Note] InnoDB: Shutdown completed; log sequence number 1626017
2013-06-12 07:30:20 11128 [Note] Shutting down plugin 'BLACKHOLE'
2013-06-12 07:30:20 11128 [Note] Shutting down plugin 'ARCHIVE'
2013-06-12 07:30:20 11128 [Note] Shutting down plugin 'MRG_MYISAM'
2013-06-12 07:30:20 11128 [Note] Shutting down plugin 'MyISAM'
2013-06-12 07:30:20 11128 [Note] Shutting down plugin 'MEMORY'
2013-06-12 07:30:20 11128 [Note] Shutting down plugin 'CSV'
2013-06-12 07:30:20 11128 [Note] Shutting down plugin 'sha256_password'
2013-06-12 07:30:20 11128 [Note] Shutting down plugin 'mysql_old_password'
2013-06-12 07:30:20 11128 [Note] Shutting down plugin 'mysql_native_password'
2013-06-12 07:30:20 11128 [Note] Shutting down plugin 'binlog'
2013-06-12 07:30:20 11128 [Note] C:\Program Files\mysql\bin\mysqld.exe: Shutdown complete

2013-06-12 07:31:11 18316 [Note] Plugin 'FEDERATED' is disabled.
2013-06-12 07:31:11 18316 [Note] InnoDB: The InnoDB memory heap is disabled
2013-06-12 07:31:11 18316 [Note] InnoDB: Mutexes and rw_locks use Windows interlocked functions
2013-06-12 07:31:11 18316 [Note] InnoDB: Compressed tables use zlib 1.2.3
2013-06-12 07:31:11 18316 [Note] InnoDB: Not using CPU crc32 instructions
2013-06-12 07:31:11 18316 [Note] InnoDB: Initializing buffer pool, size = 128.0M
2013-06-12 07:31:11 18316 [Note] InnoDB: Completed initialization of buffer pool
2013-06-12 07:31:11 18316 [Note] InnoDB: Highest supported file format is Barracuda.
2013-06-12 07:31:11 18316 [Note] InnoDB: 128 rollback segment(s) are active.
2013-06-12 07:31:11 18316 [Note] InnoDB: Waiting for purge to start
2013-06-12 07:31:11 18316 [Note] InnoDB: 5.6.12 started; log sequence number 1626017
2013-06-12 07:31:11 18316 [ERROR] C:\Program Files\mysql\bin\mysqld.exe: unknown variable 'default-character-set=gbk'
2013-06-12 07:31:11 18316 [ERROR] Aborting

2013-06-12 07:31:11 18316 [Note] Binlog end
2013-06-12 07:31:11 18316 [Note] Shutting down plugin 'partition'
2013-06-12 07:31:11 18316 [Note] Shutting down plugin 'PERFORMANCE_SCHEMA'
2013-06-12 07:31:11 18316 [Note] Shutting down plugin 'INNODB_SYS_DATAFILES'
2013-06-12 07:31:11 18316 [Note] Shutting down plugin 'INNODB_SYS_TABLESPACES'
2013-06-12 07:31:11 18316 [Note] Shutting down plugin 'INNODB_SYS_FOREIGN_COLS'
2013-06-12 07:31:11 18316 [Note] Shutting down plugin 'INNODB_SYS_FOREIGN'
2013-06-12 07:31:11 18316 [Note] Shutting down plugin 'INNODB_SYS_FIELDS'
2013-06-12 07:31:11 18316 [Note] Shutting down plugin 'INNODB_SYS_COLUMNS'
2013-06-12 07:31:11 18316 [Note] Shutting down plugin 'INNODB_SYS_INDEXES'
2013-06-12 07:31:11 18316 [Note] Shutting down plugin 'INNODB_SYS_TABLESTATS'
2013-06-12 07:31:11 18316 [Note] Shutting down plugin 'INNODB_SYS_TABLES'
2013-06-12 07:31:11 18316 [Note] Shutting down plugin 'INNODB_FT_INDEX_TABLE'
2013-06-12 07:31:11 18316 [Note] Shutting down plugin 'INNODB_FT_INDEX_CACHE'
2013-06-12 07:31:11 18316 [Note] Shutting down plugin 'INNODB_FT_CONFIG'
2013-06-12 07:31:11 18316 [Note] Shutting down plugin 'INNODB_FT_BEING_DELETED'
2013-06-12 07:31:11 18316 [Note] Shutting down plugin 'INNODB_FT_DELETED'
2013-06-12 07:31:11 18316 [Note] Shutting down plugin 'INNODB_FT_DEFAULT_STOPWORD'
2013-06-12 07:31:11 18316 [Note] Shutting down plugin 'INNODB_METRICS'
2013-06-12 07:31:11 18316 [Note] Shutting down plugin 'INNODB_BUFFER_POOL_STATS'
2013-06-12 07:31:11 18316 [Note] Shutting down plugin 'INNODB_BUFFER_PAGE_LRU'
2013-06-12 07:31:11 18316 [Note] Shutting down plugin 'INNODB_BUFFER_PAGE'
2013-06-12 07:31:11 18316 [Note] Shutting down plugin 'INNODB_CMP_PER_INDEX_RESET'
2013-06-12 07:31:11 18316 [Note] Shutting down plugin 'INNODB_CMP_PER_INDEX'
2013-06-12 07:31:11 18316 [Note] Shutting down plugin 'INNODB_CMPMEM_RESET'
2013-06-12 07:31:11 18316 [Note] Shutting down plugin 'INNODB_CMPMEM'
2013-06-12 07:31:11 18316 [Note] Shutting down plugin 'INNODB_CMP_RESET'
2013-06-12 07:31:11 18316 [Note] Shutting down plugin 'INNODB_CMP'
2013-06-12 07:31:11 18316 [Note] Shutting down plugin 'INNODB_LOCK_WAITS'
2013-06-12 07:31:11 18316 [Note] Shutting down plugin 'INNODB_LOCKS'
2013-06-12 07:31:11 18316 [Note] Shutting down plugin 'INNODB_TRX'
2013-06-12 07:31:11 18316 [Note] Shutting down plugin 'InnoDB'
2013-06-12 07:31:11 18316 [Note] InnoDB: FTS optimize thread exiting.
2013-06-12 07:31:11 18316 [Note] InnoDB: Starting shutdown...
2013-06-12 07:31:13 18316 [Note] InnoDB: Shutdown completed; log sequence number 1626027
2013-06-12 07:31:13 18316 [Note] Shutting down plugin 'BLACKHOLE'
2013-06-12 07:31:13 18316 [Note] Shutting down plugin 'ARCHIVE'
2013-06-12 07:31:13 18316 [Note] Shutting down plugin 'MRG_MYISAM'
2013-06-12 07:31:13 18316 [Note] Shutting down plugin 'MyISAM'
2013-06-12 07:31:13 18316 [Note] Shutting down plugin 'MEMORY'
2013-06-12 07:31:13 18316 [Note] Shutting down plugin 'CSV'
2013-06-12 07:31:13 18316 [Note] Shutting down plugin 'sha256_password'
2013-06-12 07:31:13 18316 [Note] Shutting down plugin 'mysql_old_password'
2013-06-12 07:31:13 18316 [Note] Shutting down plugin 'mysql_native_password'
2013-06-12 07:31:13 18316 [Note] Shutting down plugin 'binlog'
2013-06-12 07:31:13 18316 [Note] C:\Program Files\mysql\bin\mysqld.exe: Shutdown complete

2013-06-12 14:34:38 22632 [Note] Plugin 'FEDERATED' is disabled.
2013-06-12 14:34:38 22632 [Note] InnoDB: The InnoDB memory heap is disabled
2013-06-12 14:34:38 22632 [Note] InnoDB: Mutexes and rw_locks use Windows interlocked functions
2013-06-12 14:34:38 22632 [Note] InnoDB: Compressed tables use zlib 1.2.3
2013-06-12 14:34:38 22632 [Note] InnoDB: Not using CPU crc32 instructions
2013-06-12 14:34:38 22632 [Note] InnoDB: Initializing buffer pool, size = 128.0M
2013-06-12 14:34:38 22632 [Note] InnoDB: Completed initialization of buffer pool
2013-06-12 14:34:38 22632 [Note] InnoDB: Highest supported file format is Barracuda.
2013-06-12 14:34:38 22632 [Note] InnoDB: 128 rollback segment(s) are active.
2013-06-12 14:34:38 22632 [Note] InnoDB: Waiting for purge to start
2013-06-12 14:34:38 22632 [Note] InnoDB: 5.6.12 started; log sequence number 1626027
2013-06-12 14:34:38 22632 [ERROR] MySQL: unknown variable 'default-character-set=gbk'
2013-06-12 14:34:38 22632 [ERROR] Aborting

2013-06-12 14:34:38 22632 [Note] Binlog end
2013-06-12 14:34:38 22632 [Note] Shutting down plugin 'partition'
2013-06-12 14:34:38 22632 [Note] Shutting down plugin 'PERFORMANCE_SCHEMA'
2013-06-12 14:34:38 22632 [Note] Shutting down plugin 'INNODB_SYS_DATAFILES'
2013-06-12 14:34:38 22632 [Note] Shutting down plugin 'INNODB_SYS_TABLESPACES'
2013-06-12 14:34:38 22632 [Note] Shutting down plugin 'INNODB_SYS_FOREIGN_COLS'
2013-06-12 14:34:38 22632 [Note] Shutting down plugin 'INNODB_SYS_FOREIGN'
2013-06-12 14:34:38 22632 [Note] Shutting down plugin 'INNODB_SYS_FIELDS'
2013-06-12 14:34:38 22632 [Note] Shutting down plugin 'INNODB_SYS_COLUMNS'
2013-06-12 14:34:38 22632 [Note] Shutting down plugin 'INNODB_SYS_INDEXES'
2013-06-12 14:34:38 22632 [Note] Shutting down plugin 'INNODB_SYS_TABLESTATS'
2013-06-12 14:34:38 22632 [Note] Shutting down plugin 'INNODB_SYS_TABLES'
2013-06-12 14:34:38 22632 [Note] Shutting down plugin 'INNODB_FT_INDEX_TABLE'
2013-06-12 14:34:38 22632 [Note] Shutting down plugin 'INNODB_FT_INDEX_CACHE'
2013-06-12 14:34:38 22632 [Note] Shutting down plugin 'INNODB_FT_CONFIG'
2013-06-12 14:34:38 22632 [Note] Shutting down plugin 'INNODB_FT_BEING_DELETED'
2013-06-12 14:34:38 22632 [Note] Shutting down plugin 'INNODB_FT_DELETED'
2013-06-12 14:34:38 22632 [Note] Shutting down plugin 'INNODB_FT_DEFAULT_STOPWORD'
2013-06-12 14:34:38 22632 [Note] Shutting down plugin 'INNODB_METRICS'
2013-06-12 14:34:38 22632 [Note] Shutting down plugin 'INNODB_BUFFER_POOL_STATS'
2013-06-12 14:34:38 22632 [Note] Shutting down plugin 'INNODB_BUFFER_PAGE_LRU'
2013-06-12 14:34:38 22632 [Note] Shutting down plugin 'INNODB_BUFFER_PAGE'
2013-06-12 14:34:38 22632 [Note] Shutting down plugin 'INNODB_CMP_PER_INDEX_RESET'
2013-06-12 14:34:38 22632 [Note] Shutting down plugin 'INNODB_CMP_PER_INDEX'
2013-06-12 14:34:38 22632 [Note] Shutting down plugin 'INNODB_CMPMEM_RESET'
2013-06-12 14:34:38 22632 [Note] Shutting down plugin 'INNODB_CMPMEM'
2013-06-12 14:34:38 22632 [Note] Shutting down plugin 'INNODB_CMP_RESET'
2013-06-12 14:34:38 22632 [Note] Shutting down plugin 'INNODB_CMP'
2013-06-12 14:34:38 22632 [Note] Shutting down plugin 'INNODB_LOCK_WAITS'
2013-06-12 14:34:38 22632 [Note] Shutting down plugin 'INNODB_LOCKS'
2013-06-12 14:34:38 22632 [Note] Shutting down plugin 'INNODB_TRX'
2013-06-12 14:34:38 22632 [Note] Shutting down plugin 'InnoDB'
2013-06-12 14:34:38 22632 [Note] InnoDB: FTS optimize thread exiting.
2013-06-12 14:34:38 22632 [Note] InnoDB: Starting shutdown...
2013-06-12 14:34:40 22632 [Note] InnoDB: Shutdown completed; log sequence number 1626037
2013-06-12 14:34:40 22632 [Note] Shutting down plugin 'BLACKHOLE'
2013-06-12 14:34:40 22632 [Note] Shutting down plugin 'ARCHIVE'
2013-06-12 14:34:40 22632 [Note] Shutting down plugin 'MRG_MYISAM'
2013-06-12 14:34:40 22632 [Note] Shutting down plugin 'MyISAM'
2013-06-12 14:34:40 22632 [Note] Shutting down plugin 'MEMORY'
2013-06-12 14:34:40 22632 [Note] Shutting down plugin 'CSV'
2013-06-12 14:34:40 22632 [Note] Shutting down plugin 'sha256_password'
2013-06-12 14:34:40 22632 [Note] Shutting down plugin 'mysql_old_password'
2013-06-12 14:34:40 22632 [Note] Shutting down plugin 'mysql_native_password'
2013-06-12 14:34:40 22632 [Note] Shutting down plugin 'binlog'
2013-06-12 14:34:40 22632 [Note] MySQL: Shutdown complete

2013-06-12 14:34:50 2132 [Note] Plugin 'FEDERATED' is disabled.
2013-06-12 14:34:50 2132 [Note] InnoDB: The InnoDB memory heap is disabled
2013-06-12 14:34:50 2132 [Note] InnoDB: Mutexes and rw_locks use Windows interlocked functions
2013-06-12 14:34:50 2132 [Note] InnoDB: Compressed tables use zlib 1.2.3
2013-06-12 14:34:50 2132 [Note] InnoDB: Not using CPU crc32 instructions
2013-06-12 14:34:50 2132 [Note] InnoDB: Initializing buffer pool, size = 128.0M
2013-06-12 14:34:50 2132 [Note] InnoDB: Completed initialization of buffer pool
2013-06-12 14:34:50 2132 [Note] InnoDB: Highest supported file format is Barracuda.
2013-06-12 14:34:50 2132 [Note] InnoDB: 128 rollback segment(s) are active.
2013-06-12 14:34:50 2132 [Note] InnoDB: Waiting for purge to start
2013-06-12 14:34:50 2132 [Note] InnoDB: 5.6.12 started; log sequence number 1626037
2013-06-12 14:34:50 2132 [ERROR] MySQL: unknown variable 'default-character-set=gbk'
2013-06-12 14:34:50 2132 [ERROR] Aborting

2013-06-12 14:34:50 2132 [Note] Binlog end
2013-06-12 14:34:50 2132 [Note] Shutting down plugin 'partition'
2013-06-12 14:34:50 2132 [Note] Shutting down plugin 'PERFORMANCE_SCHEMA'
2013-06-12 14:34:50 2132 [Note] Shutting down plugin 'INNODB_SYS_DATAFILES'
2013-06-12 14:34:50 2132 [Note] Shutting down plugin 'INNODB_SYS_TABLESPACES'
2013-06-12 14:34:50 2132 [Note] Shutting down plugin 'INNODB_SYS_FOREIGN_COLS'
2013-06-12 14:34:50 2132 [Note] Shutting down plugin 'INNODB_SYS_FOREIGN'
2013-06-12 14:34:50 2132 [Note] Shutting down plugin 'INNODB_SYS_FIELDS'
2013-06-12 14:34:50 2132 [Note] Shutting down plugin 'INNODB_SYS_COLUMNS'
2013-06-12 14:34:50 2132 [Note] Shutting down plugin 'INNODB_SYS_INDEXES'
2013-06-12 14:34:50 2132 [Note] Shutting down plugin 'INNODB_SYS_TABLESTATS'
2013-06-12 14:34:50 2132 [Note] Shutting down plugin 'INNODB_SYS_TABLES'
2013-06-12 14:34:50 2132 [Note] Shutting down plugin 'INNODB_FT_INDEX_TABLE'
2013-06-12 14:34:50 2132 [Note] Shutting down plugin 'INNODB_FT_INDEX_CACHE'
2013-06-12 14:34:50 2132 [Note] Shutting down plugin 'INNODB_FT_CONFIG'
2013-06-12 14:34:50 2132 [Note] Shutting down plugin 'INNODB_FT_BEING_DELETED'
2013-06-12 14:34:50 2132 [Note] Shutting down plugin 'INNODB_FT_DELETED'
2013-06-12 14:34:50 2132 [Note] Shutting down plugin 'INNODB_FT_DEFAULT_STOPWORD'
2013-06-12 14:34:50 2132 [Note] Shutting down plugin 'INNODB_METRICS'
2013-06-12 14:34:50 2132 [Note] Shutting down plugin 'INNODB_BUFFER_POOL_STATS'
2013-06-12 14:34:50 2132 [Note] Shutting down plugin 'INNODB_BUFFER_PAGE_LRU'
2013-06-12 14:34:50 2132 [Note] Shutting down plugin 'INNODB_BUFFER_PAGE'
2013-06-12 14:34:50 2132 [Note] Shutting down plugin 'INNODB_CMP_PER_INDEX_RESET'
2013-06-12 14:34:50 2132 [Note] Shutting down plugin 'INNODB_CMP_PER_INDEX'
2013-06-12 14:34:50 2132 [Note] Shutting down plugin 'INNODB_CMPMEM_RESET'
2013-06-12 14:34:50 2132 [Note] Shutting down plugin 'INNODB_CMPMEM'
2013-06-12 14:34:50 2132 [Note] Shutting down plugin 'INNODB_CMP_RESET'
2013-06-12 14:34:50 2132 [Note] Shutting down plugin 'INNODB_CMP'
2013-06-12 14:34:50 2132 [Note] Shutting down plugin 'INNODB_LOCK_WAITS'
2013-06-12 14:34:50 2132 [Note] Shutting down plugin 'INNODB_LOCKS'
2013-06-12 14:34:50 2132 [Note] Shutting down plugin 'INNODB_TRX'
2013-06-12 14:34:50 2132 [Note] Shutting down plugin 'InnoDB'
2013-06-12 14:34:50 2132 [Note] InnoDB: FTS optimize thread exiting.
2013-06-12 14:34:50 2132 [Note] InnoDB: Starting shutdown...
2013-06-12 14:34:52 2132 [Note] InnoDB: Shutdown completed; log sequence number 1626047
2013-06-12 14:34:52 2132 [Note] Shutting down plugin 'BLACKHOLE'
2013-06-12 14:34:52 2132 [Note] Shutting down plugin 'ARCHIVE'
2013-06-12 14:34:52 2132 [Note] Shutting down plugin 'MRG_MYISAM'
2013-06-12 14:34:52 2132 [Note] Shutting down plugin 'MyISAM'
2013-06-12 14:34:52 2132 [Note] Shutting down plugin 'MEMORY'
2013-06-12 14:34:52 2132 [Note] Shutting down plugin 'CSV'
2013-06-12 14:34:52 2132 [Note] Shutting down plugin 'sha256_password'
2013-06-12 14:34:52 2132 [Note] Shutting down plugin 'mysql_old_password'
2013-06-12 14:34:52 2132 [Note] Shutting down plugin 'mysql_native_password'
2013-06-12 14:34:52 2132 [Note] Shutting down plugin 'binlog'
2013-06-12 14:34:52 2132 [Note] MySQL: Shutdown complete

2013-06-12 14:51:45 23352 [Note] Plugin 'FEDERATED' is disabled.
2013-06-12 14:51:45 23352 [Note] InnoDB: The InnoDB memory heap is disabled
2013-06-12 14:51:45 23352 [Note] InnoDB: Mutexes and rw_locks use Windows interlocked functions
2013-06-12 14:51:45 23352 [Note] InnoDB: Compressed tables use zlib 1.2.3
2013-06-12 14:51:45 23352 [Note] InnoDB: Not using CPU crc32 instructions
2013-06-12 14:51:45 23352 [Note] InnoDB: Initializing buffer pool, size = 128.0M
2013-06-12 14:51:45 23352 [Note] InnoDB: Completed initialization of buffer pool
2013-06-12 14:51:45 23352 [Note] InnoDB: Highest supported file format is Barracuda.
2013-06-12 14:51:46 23352 [Note] InnoDB: 128 rollback segment(s) are active.
2013-06-12 14:51:46 23352 [Note] InnoDB: Waiting for purge to start
2013-06-12 14:51:46 23352 [Note] InnoDB: 5.6.12 started; log sequence number 1626077
2013-06-12 14:51:46 23352 [Note] Server hostname (bind-address): '*'; port: 3306
2013-06-12 14:51:46 23352 [Note] IPv6 is available.
2013-06-12 14:51:46 23352 [Note]   - '::' resolves to '::';
2013-06-12 14:51:46 23352 [Note] Server socket created on IP: '::'.
2013-06-12 14:51:46 23352 [Note] Event Scheduler: Loaded 0 events
2013-06-12 14:51:46 23352 [Note] MySQL: ready for connections.
Version: '5.6.12'  socket: ''  port: 3306  MySQL Community Server (GPL)
2013-06-12 17:05:42 23352 [Note] MySQL: Normal shutdown

2013-06-12 17:05:42 23352 [Note] Giving 2 client threads a chance to die gracefully
2013-06-12 17:05:42 23352 [Note] Event Scheduler: Purging the queue. 0 events
2013-06-12 17:05:42 23352 [Note] Shutting down slave threads
2013-06-12 17:05:44 23352 [Note] Forcefully disconnecting 2 remaining clients
2013-06-12 17:05:44 23352 [Warning] MySQL: Forcing close of thread 13  user: 'qingdy'

2013-06-12 17:05:44 23352 [Warning] MySQL: Forcing close of thread 14  user: 'qingdy'

2013-06-12 17:05:44 23352 [Note] Binlog end
2013-06-12 17:05:44 23352 [Note] Shutting down plugin 'partition'
2013-06-12 17:05:44 23352 [Note] Shutting down plugin 'PERFORMANCE_SCHEMA'
2013-06-12 17:05:44 23352 [Note] Shutting down plugin 'INNODB_SYS_DATAFILES'
2013-06-12 17:05:44 23352 [Note] Shutting down plugin 'INNODB_SYS_TABLESPACES'
2013-06-12 17:05:44 23352 [Note] Shutting down plugin 'INNODB_SYS_FOREIGN_COLS'
2013-06-12 17:05:44 23352 [Note] Shutting down plugin 'INNODB_SYS_FOREIGN'
2013-06-12 17:05:44 23352 [Note] Shutting down plugin 'INNODB_SYS_FIELDS'
2013-06-12 17:05:44 23352 [Note] Shutting down plugin 'INNODB_SYS_COLUMNS'
2013-06-12 17:05:44 23352 [Note] Shutting down plugin 'INNODB_SYS_INDEXES'
2013-06-12 17:05:44 23352 [Note] Shutting down plugin 'INNODB_SYS_TABLESTATS'
2013-06-12 17:05:44 23352 [Note] Shutting down plugin 'INNODB_SYS_TABLES'
2013-06-12 17:05:44 23352 [Note] Shutting down plugin 'INNODB_FT_INDEX_TABLE'
2013-06-12 17:05:44 23352 [Note] Shutting down plugin 'INNODB_FT_INDEX_CACHE'
2013-06-12 17:05:44 23352 [Note] Shutting down plugin 'INNODB_FT_CONFIG'
2013-06-12 17:05:44 23352 [Note] Shutting down plugin 'INNODB_FT_BEING_DELETED'
2013-06-12 17:05:44 23352 [Note] Shutting down plugin 'INNODB_FT_DELETED'
2013-06-12 17:05:44 23352 [Note] Shutting down plugin 'INNODB_FT_DEFAULT_STOPWORD'
2013-06-12 17:05:44 23352 [Note] Shutting down plugin 'INNODB_METRICS'
2013-06-12 17:05:44 23352 [Note] Shutting down plugin 'INNODB_BUFFER_POOL_STATS'
2013-06-12 17:05:44 23352 [Note] Shutting down plugin 'INNODB_BUFFER_PAGE_LRU'
2013-06-12 17:05:44 23352 [Note] Shutting down plugin 'INNODB_BUFFER_PAGE'
2013-06-12 17:05:44 23352 [Note] Shutting down plugin 'INNODB_CMP_PER_INDEX_RESET'
2013-06-12 17:05:44 23352 [Note] Shutting down plugin 'INNODB_CMP_PER_INDEX'
2013-06-12 17:05:44 23352 [Note] Shutting down plugin 'INNODB_CMPMEM_RESET'
2013-06-12 17:05:44 23352 [Note] Shutting down plugin 'INNODB_CMPMEM'
2013-06-12 17:05:44 23352 [Note] Shutting down plugin 'INNODB_CMP_RESET'
2013-06-12 17:05:44 23352 [Note] Shutting down plugin 'INNODB_CMP'
2013-06-12 17:05:44 23352 [Note] Shutting down plugin 'INNODB_LOCK_WAITS'
2013-06-12 17:05:44 23352 [Note] Shutting down plugin 'INNODB_LOCKS'
2013-06-12 17:05:44 23352 [Note] Shutting down plugin 'INNODB_TRX'
2013-06-12 17:05:44 23352 [Note] Shutting down plugin 'InnoDB'
2013-06-12 17:05:44 23352 [Note] InnoDB: FTS optimize thread exiting.
2013-06-12 17:05:44 23352 [Note] InnoDB: Starting shutdown...
2013-06-12 17:05:45 23352 [Note] InnoDB: Shutdown completed; log sequence number 1888146
2013-06-12 17:05:45 23352 [Note] Shutting down plugin 'BLACKHOLE'
2013-06-12 17:05:45 23352 [Note] Shutting down plugin 'ARCHIVE'
2013-06-12 17:05:45 23352 [Note] Shutting down plugin 'MRG_MYISAM'
2013-06-12 17:05:45 23352 [Note] Shutting down plugin 'MyISAM'
2013-06-12 17:05:45 23352 [Note] Shutting down plugin 'MEMORY'
2013-06-12 17:05:45 23352 [Note] Shutting down plugin 'CSV'
2013-06-12 17:05:45 23352 [Note] Shutting down plugin 'sha256_password'
2013-06-12 17:05:45 23352 [Note] Shutting down plugin 'mysql_old_password'
2013-06-12 17:05:45 23352 [Note] Shutting down plugin 'mysql_native_password'
2013-06-12 17:05:45 23352 [Note] Shutting down plugin 'binlog'
2013-06-12 17:05:45 23352 [Note] MySQL: Shutdown complete

2013-06-12 17:07:11 4140 [Note] Plugin 'FEDERATED' is disabled.
2013-06-12 17:07:11 4140 [Note] InnoDB: The InnoDB memory heap is disabled
2013-06-12 17:07:11 4140 [Note] InnoDB: Mutexes and rw_locks use Windows interlocked functions
2013-06-12 17:07:11 4140 [Note] InnoDB: Compressed tables use zlib 1.2.3
2013-06-12 17:07:11 4140 [Note] InnoDB: Not using CPU crc32 instructions
2013-06-12 17:07:11 4140 [Note] InnoDB: Initializing buffer pool, size = 128.0M
2013-06-12 17:07:11 4140 [Note] InnoDB: Completed initialization of buffer pool
2013-06-12 17:07:11 4140 [Note] InnoDB: Highest supported file format is Barracuda.
2013-06-12 17:07:11 4140 [Note] InnoDB: 128 rollback segment(s) are active.
2013-06-12 17:07:11 4140 [Note] InnoDB: Waiting for purge to start
2013-06-12 17:07:11 4140 [Note] InnoDB: 5.6.12 started; log sequence number 1888156
2013-06-12 17:07:11 4140 [Note] Server hostname (bind-address): '*'; port: 3306
2013-06-12 17:07:11 4140 [Note] IPv6 is available.
2013-06-12 17:07:11 4140 [Note]   - '::' resolves to '::';
2013-06-12 17:07:11 4140 [Note] Server socket created on IP: '::'.
2013-06-12 17:07:11 4140 [Note] Event Scheduler: Loaded 0 events
2013-06-12 17:07:11 4140 [Note] MySQL: ready for connections.
Version: '5.6.12'  socket: ''  port: 3306  MySQL Community Server (GPL)
